This file contains any messages produced by compilers while
running configure, to aid debugging if configure makes a mistake.

It was created by libcrafter configure 0.3, which was
generated by GNU Autoconf 2.69.  Invocation command line was

  $ ./configure 

## --------- ##
## Platform. ##
## --------- ##

hostname = TomVMDeb
uname -m = i686
uname -r = 3.2.0-4-686-pae
uname -s = Linux
uname -v = #1 SMP Debian 3.2.65-1+deb7u2

/usr/bin/uname -p = unknown
/bin/uname -X     = unknown

/bin/arch              = unknown
/usr/bin/arch -k       = unknown
/usr/convex/getsysinfo = unknown
/usr/bin/hostinfo      = unknown
/bin/machine           = unknown
/usr/bin/oslevel       = unknown
/bin/universe          = unknown

PATH: /usr/local/sbin
PATH: /usr/local/bin
PATH: /usr/sbin
PATH: /usr/bin
PATH: /sbin
PATH: /bin


## ----------- ##
## Core tests. ##
## ----------- ##

configure:2355: checking for a BSD-compatible install
configure:2423: result: /usr/bin/install -c
configure:2434: checking whether build environment is sane
configure:2489: result: yes
configure:2640: checking for a thread-safe mkdir -p
configure:2679: result: /bin/mkdir -p
configure:2686: checking for gawk
configure:2716: result: no
configure:2686: checking for mawk
configure:2702: found /usr/bin/mawk
configure:2713: result: mawk
configure:2724: checking whether make sets $(MAKE)
configure:2746: result: yes
configure:2775: checking whether make supports nested variables
configure:2792: result: yes
configure:2972: checking for g++
configure:2988: found /usr/bin/g++
configure:2999: result: g++
configure:3026: checking for C++ compiler version
configure:3035: g++ --version >&5
g++ (Debian 4.7.2-5) 4.7.2
Copyright (C) 2012 Free Software Foundation, Inc.
This is free software; see the source for copying conditions.  There is NO
warranty; not even for MERCHANTABILITY or FITNESS FOR A PARTICULAR PURPOSE.

configure:3046: $? = 0
configure:3035: g++ -v >&5
Using built-in specs.
COLLECT_GCC=g++
COLLECT_LTO_WRAPPER=/usr/lib/gcc/i486-linux-gnu/4.7/lto-wrapper
Target: i486-linux-gnu
Configured with: ../src/configure -v --with-pkgversion='Debian 4.7.2-5' --with-bugurl=file:///usr/share/doc/gcc-4.7/README.Bugs --enable-languages=c,c++,go,fortran,objc,obj-c++ --prefix=/usr --program-suffix=-4.7 --enable-shared --enable-linker-build-id --with-system-zlib --libexecdir=/usr/lib --without-included-gettext --enable-threads=posix --with-gxx-include-dir=/usr/include/c++/4.7 --libdir=/usr/lib --enable-nls --with-sysroot=/ --enable-clocale=gnu --enable-libstdcxx-debug --enable-libstdcxx-time=yes --enable-gnu-unique-object --enable-plugin --enable-objc-gc --enable-targets=all --with-arch-32=i586 --with-tune=generic --enable-checking=release --build=i486-linux-gnu --host=i486-linux-gnu --target=i486-linux-gnu
Thread model: posix
gcc version 4.7.2 (Debian 4.7.2-5) 
configure:3046: $? = 0
configure:3035: g++ -V >&5
g++: error: unrecognized command line option '-V'
g++: fatal error: no input files
compilation terminated.
configure:3046: $? = 4
configure:3035: g++ -qversion >&5
g++: error: unrecognized command line option '-qversion'
g++: fatal error: no input files
compilation terminated.
configure:3046: $? = 4
configure:3066: checking whether the C++ compiler works
configure:3088: g++    conftest.cpp  >&5
configure:3092: $? = 0
configure:3140: result: yes
configure:3143: checking for C++ compiler default output file name
configure:3145: result: a.out
configure:3151: checking for suffix of executables
configure:3158: g++ -o conftest    conftest.cpp  >&5
configure:3162: $? = 0
configure:3184: result: 
configure:3206: checking whether we are cross compiling
configure:3214: g++ -o conftest    conftest.cpp  >&5
configure:3218: $? = 0
configure:3225: ./conftest
configure:3229: $? = 0
configure:3244: result: no
configure:3249: checking for suffix of object files
configure:3271: g++ -c   conftest.cpp >&5
configure:3275: $? = 0
configure:3296: result: o
configure:3300: checking whether we are using the GNU C++ compiler
configure:3319: g++ -c   conftest.cpp >&5
configure:3319: $? = 0
configure:3328: result: yes
configure:3337: checking whether g++ accepts -g
configure:3357: g++ -c -g  conftest.cpp >&5
configure:3357: $? = 0
configure:3398: result: yes
configure:3432: checking for style of include used by make
configure:3460: result: GNU
configure:3486: checking dependency style of g++
configure:3597: result: gcc3
configure:3641: checking build system type
configure:3655: result: i686-pc-linux-gnu
configure:3675: checking host system type
configure:3688: result: i686-pc-linux-gnu
configure:3729: checking how to print strings
configure:3756: result: printf
configure:3825: checking for gcc
configure:3841: found /usr/bin/gcc
configure:3852: result: gcc
configure:4081: checking for C compiler version
configure:4090: gcc --version >&5
gcc (Debian 4.7.2-5) 4.7.2
Copyright (C) 2012 Free Software Foundation, Inc.
This is free software; see the source for copying conditions.  There is NO
warranty; not even for MERCHANTABILITY or FITNESS FOR A PARTICULAR PURPOSE.

configure:4101: $? = 0
configure:4090: gcc -v >&5
Using built-in specs.
COLLECT_GCC=gcc
COLLECT_LTO_WRAPPER=/usr/lib/gcc/i486-linux-gnu/4.7/lto-wrapper
Target: i486-linux-gnu
Configured with: ../src/configure -v --with-pkgversion='Debian 4.7.2-5' --with-bugurl=file:///usr/share/doc/gcc-4.7/README.Bugs --enable-languages=c,c++,go,fortran,objc,obj-c++ --prefix=/usr --program-suffix=-4.7 --enable-shared --enable-linker-build-id --with-system-zlib --libexecdir=/usr/lib --without-included-gettext --enable-threads=posix --with-gxx-include-dir=/usr/include/c++/4.7 --libdir=/usr/lib --enable-nls --with-sysroot=/ --enable-clocale=gnu --enable-libstdcxx-debug --enable-libstdcxx-time=yes --enable-gnu-unique-object --enable-plugin --enable-objc-gc --enable-targets=all --with-arch-32=i586 --with-tune=generic --enable-checking=release --build=i486-linux-gnu --host=i486-linux-gnu --target=i486-linux-gnu
Thread model: posix
gcc version 4.7.2 (Debian 4.7.2-5) 
configure:4101: $? = 0
configure:4090: gcc -V >&5
gcc: error: unrecognized command line option '-V'
gcc: fatal error: no input files
compilation terminated.
configure:4101: $? = 4
configure:4090: gcc -qversion >&5
gcc: error: unrecognized command line option '-qversion'
gcc: fatal error: no input files
compilation terminated.
configure:4101: $? = 4
configure:4105: checking whether we are using the GNU C compiler
configure:4124: gcc -c   conftest.c >&5
configure:4124: $? = 0
configure:4133: result: yes
configure:4142: checking whether gcc accepts -g
configure:4162: gcc -c -g  conftest.c >&5
configure:4162: $? = 0
configure:4203: result: yes
configure:4220: checking for gcc option to accept ISO C89
configure:4283: gcc  -c -g -O2  conftest.c >&5
configure:4283: $? = 0
configure:4296: result: none needed
configure:4321: checking whether gcc understands -c and -o together
configure:4343: gcc -c conftest.c -o conftest2.o
configure:4346: $? = 0
configure:4343: gcc -c conftest.c -o conftest2.o
configure:4346: $? = 0
configure:4358: result: yes
configure:4377: checking dependency style of gcc
configure:4488: result: gcc3
configure:4503: checking for a sed that does not truncate output
configure:4567: result: /bin/sed
configure:4585: checking for grep that handles long lines and -e
configure:4643: result: /bin/grep
configure:4648: checking for egrep
configure:4710: result: /bin/grep -E
configure:4715: checking for fgrep
configure:4777: result: /bin/grep -F
configure:4812: checking for ld used by gcc
configure:4879: result: /usr/bin/ld
configure:4886: checking if the linker (/usr/bin/ld) is GNU ld
configure:4901: result: yes
configure:4913: checking for BSD- or MS-compatible name lister (nm)
configure:4962: result: /usr/bin/nm -B
configure:5092: checking the name lister (/usr/bin/nm -B) interface
configure:5099: gcc -c -g -O2  conftest.c >&5
configure:5102: /usr/bin/nm -B "conftest.o"
configure:5105: output
00000000 B some_variable
configure:5112: result: BSD nm
configure:5115: checking whether ln -s works
configure:5119: result: yes
configure:5127: checking the maximum length of command line arguments
configure:5257: result: 1572864
configure:5274: checking whether the shell understands some XSI constructs
configure:5284: result: yes
configure:5288: checking whether the shell understands "+="
configure:5294: result: yes
configure:5329: checking how to convert i686-pc-linux-gnu file names to i686-pc-linux-gnu format
configure:5369: result: func_convert_file_noop
configure:5376: checking how to convert i686-pc-linux-gnu file names to toolchain format
configure:5396: result: func_convert_file_noop
configure:5403: checking for /usr/bin/ld option to reload object files
configure:5410: result: -r
configure:5484: checking for objdump
configure:5500: found /usr/bin/objdump
configure:5511: result: objdump
configure:5543: checking how to recognize dependent libraries
configure:5745: result: pass_all
configure:5830: checking for dlltool
configure:5860: result: no
configure:5890: checking how to associate runtime and link libraries
configure:5917: result: printf %s\n
configure:5978: checking for ar
configure:5994: found /usr/bin/ar
configure:6005: result: ar
configure:6042: checking for archiver @FILE support
configure:6059: gcc -c -g -O2  conftest.c >&5
configure:6059: $? = 0
configure:6062: ar cru libconftest.a @conftest.lst >&5
configure:6065: $? = 0
configure:6070: ar cru libconftest.a @conftest.lst >&5
ar: conftest.o: No such file or directory
configure:6073: $? = 1
configure:6085: result: @
configure:6143: checking for strip
configure:6159: found /usr/bin/strip
configure:6170: result: strip
configure:6242: checking for ranlib
configure:6258: found /usr/bin/ranlib
configure:6269: result: ranlib
configure:6371: checking command to parse /usr/bin/nm -B output from gcc object
configure:6491: gcc -c -g -O2  conftest.c >&5
configure:6494: $? = 0
configure:6498: /usr/bin/nm -B conftest.o \| sed -n -e 's/^.*[ ]\([ABCDGIRSTW][ABCDGIRSTW]*\)[ ][ ]*\([_A-Za-z][_A-Za-z0-9]*\)$/\1 \2 \2/p' | sed '/ __gnu_lto/d' \> conftest.nm
configure:6501: $? = 0
configure:6567: gcc -o conftest -g -O2   conftest.c conftstm.o >&5
configure:6570: $? = 0
configure:6608: result: ok
configure:6645: checking for sysroot
configure:6675: result: no
configure:6931: checking for mt
configure:6947: found /bin/mt
configure:6958: result: mt
configure:6981: checking if mt is a manifest tool
configure:6987: mt '-?'
configure:6995: result: no
configure:7637: checking how to run the C preprocessor
configure:7668: gcc -E  conftest.c
configure:7668: $? = 0
configure:7682: gcc -E  conftest.c
conftest.c:9:28: fatal error: ac_nonexistent.h: No such file or directory
compilation terminated.
configure:7682: $? = 1
configure: failed program was:
| /* confdefs.h */
| #define PACKAGE_NAME "libcrafter"
| #define PACKAGE_TARNAME "crafter"
| #define PACKAGE_VERSION "0.3"
| #define PACKAGE_STRING "libcrafter 0.3"
| #define PACKAGE_BUGREPORT "pellegre.esteban@gmail.com"
| #define PACKAGE_URL "http://code.google.com/p/libcrafter/"
| /* end confdefs.h.  */
| #include <ac_nonexistent.h>
configure:7707: result: gcc -E
configure:7727: gcc -E  conftest.c
configure:7727: $? = 0
configure:7741: gcc -E  conftest.c
conftest.c:9:28: fatal error: ac_nonexistent.h: No such file or directory
compilation terminated.
configure:7741: $? = 1
configure: failed program was:
| /* confdefs.h */
| #define PACKAGE_NAME "libcrafter"
| #define PACKAGE_TARNAME "crafter"
| #define PACKAGE_VERSION "0.3"
| #define PACKAGE_STRING "libcrafter 0.3"
| #define PACKAGE_BUGREPORT "pellegre.esteban@gmail.com"
| #define PACKAGE_URL "http://code.google.com/p/libcrafter/"
| /* end confdefs.h.  */
| #include <ac_nonexistent.h>
configure:7770: checking for ANSI C header files
configure:7790: gcc -c -g -O2  conftest.c >&5
configure:7790: $? = 0
configure:7863: gcc -o conftest -g -O2   conftest.c  >&5
configure:7863: $? = 0
configure:7863: ./conftest
configure:7863: $? = 0
configure:7874: result: yes
configure:7887: checking for sys/types.h
configure:7887: gcc -c -g -O2  conftest.c >&5
configure:7887: $? = 0
configure:7887: result: yes
configure:7887: checking for sys/stat.h
configure:7887: gcc -c -g -O2  conftest.c >&5
configure:7887: $? = 0
configure:7887: result: yes
configure:7887: checking for stdlib.h
configure:7887: gcc -c -g -O2  conftest.c >&5
configure:7887: $? = 0
configure:7887: result: yes
configure:7887: checking for string.h
configure:7887: gcc -c -g -O2  conftest.c >&5
configure:7887: $? = 0
configure:7887: result: yes
configure:7887: checking for memory.h
configure:7887: gcc -c -g -O2  conftest.c >&5
configure:7887: $? = 0
configure:7887: result: yes
configure:7887: checking for strings.h
configure:7887: gcc -c -g -O2  conftest.c >&5
configure:7887: $? = 0
configure:7887: result: yes
configure:7887: checking for inttypes.h
configure:7887: gcc -c -g -O2  conftest.c >&5
configure:7887: $? = 0
configure:7887: result: yes
configure:7887: checking for stdint.h
configure:7887: gcc -c -g -O2  conftest.c >&5
configure:7887: $? = 0
configure:7887: result: yes
configure:7887: checking for unistd.h
configure:7887: gcc -c -g -O2  conftest.c >&5
configure:7887: $? = 0
configure:7887: result: yes
configure:7901: checking for dlfcn.h
configure:7901: gcc -c -g -O2  conftest.c >&5
configure:7901: $? = 0
configure:7901: result: yes
configure:8117: checking for objdir
configure:8132: result: .libs
configure:8399: checking if gcc supports -fno-rtti -fno-exceptions
configure:8417: gcc -c -g -O2  -fno-rtti -fno-exceptions conftest.c >&5
cc1: warning: command line option '-fno-rtti' is valid for C++/ObjC++ but not for C [enabled by default]
configure:8421: $? = 0
configure:8434: result: no
configure:8761: checking for gcc option to produce PIC
configure:8768: result: -fPIC -DPIC
configure:8776: checking if gcc PIC flag -fPIC -DPIC works
configure:8794: gcc -c -g -O2  -fPIC -DPIC -DPIC conftest.c >&5
configure:8798: $? = 0
configure:8811: result: yes
configure:8840: checking if gcc static flag -static works
configure:8868: result: yes
configure:8883: checking if gcc supports -c -o file.o
configure:8904: gcc -c -g -O2  -o out/conftest2.o conftest.c >&5
configure:8908: $? = 0
configure:8930: result: yes
configure:8938: checking if gcc supports -c -o file.o
configure:8985: result: yes
configure:9018: checking whether the gcc linker (/usr/bin/ld) supports shared libraries
configure:10171: result: yes
configure:10208: checking whether -lc should be explicitly linked in
configure:10216: gcc -c -g -O2  conftest.c >&5
configure:10219: $? = 0
configure:10234: gcc -shared  -fPIC -DPIC conftest.o  -v -Wl,-soname -Wl,conftest -o conftest 2\>\&1 \| /bin/grep  -lc  \>/dev/null 2\>\&1
configure:10237: $? = 0
configure:10251: result: no
configure:10411: checking dynamic linker characteristics
configure:10922: gcc -o conftest -g -O2   -Wl,-rpath -Wl,/foo conftest.c  >&5
configure:10922: $? = 0
configure:11144: result: GNU/Linux ld.so
configure:11251: checking how to hardcode library paths into programs
configure:11276: result: immediate
configure:11816: checking whether stripping libraries is possible
configure:11821: result: yes
configure:11856: checking if libtool supports shared libraries
configure:11858: result: yes
configure:11861: checking whether to build shared libraries
configure:11882: result: yes
configure:11885: checking whether to build static libraries
configure:11889: result: no
configure:11912: checking how to run the C++ preprocessor
configure:11939: g++ -E  conftest.cpp
configure:11939: $? = 0
configure:11953: g++ -E  conftest.cpp
conftest.cpp:21:28: fatal error: ac_nonexistent.h: No such file or directory
compilation terminated.
configure:11953: $? = 1
configure: failed program was:
| /* confdefs.h */
| #define PACKAGE_NAME "libcrafter"
| #define PACKAGE_TARNAME "crafter"
| #define PACKAGE_VERSION "0.3"
| #define PACKAGE_STRING "libcrafter 0.3"
| #define PACKAGE_BUGREPORT "pellegre.esteban@gmail.com"
| #define PACKAGE_URL "http://code.google.com/p/libcrafter/"
| #define STDC_HEADERS 1
| #define HAVE_SYS_TYPES_H 1
| #define HAVE_SYS_STAT_H 1
| #define HAVE_STDLIB_H 1
| #define HAVE_STRING_H 1
| #define HAVE_MEMORY_H 1
| #define HAVE_STRINGS_H 1
| #define HAVE_INTTYPES_H 1
| #define HAVE_STDINT_H 1
| #define HAVE_UNISTD_H 1
| #define HAVE_DLFCN_H 1
| #define LT_OBJDIR ".libs/"
| /* end confdefs.h.  */
| #include <ac_nonexistent.h>
configure:11978: result: g++ -E
configure:11998: g++ -E  conftest.cpp
configure:11998: $? = 0
configure:12012: g++ -E  conftest.cpp
conftest.cpp:21:28: fatal error: ac_nonexistent.h: No such file or directory
compilation terminated.
configure:12012: $? = 1
configure: failed program was:
| /* confdefs.h */
| #define PACKAGE_NAME "libcrafter"
| #define PACKAGE_TARNAME "crafter"
| #define PACKAGE_VERSION "0.3"
| #define PACKAGE_STRING "libcrafter 0.3"
| #define PACKAGE_BUGREPORT "pellegre.esteban@gmail.com"
| #define PACKAGE_URL "http://code.google.com/p/libcrafter/"
| #define STDC_HEADERS 1
| #define HAVE_SYS_TYPES_H 1
| #define HAVE_SYS_STAT_H 1
| #define HAVE_STDLIB_H 1
| #define HAVE_STRING_H 1
| #define HAVE_MEMORY_H 1
| #define HAVE_STRINGS_H 1
| #define HAVE_INTTYPES_H 1
| #define HAVE_STDINT_H 1
| #define HAVE_UNISTD_H 1
| #define HAVE_DLFCN_H 1
| #define LT_OBJDIR ".libs/"
| /* end confdefs.h.  */
| #include <ac_nonexistent.h>
configure:12181: checking for ld used by g++
configure:12248: result: /usr/bin/ld
configure:12255: checking if the linker (/usr/bin/ld) is GNU ld
configure:12270: result: yes
configure:12325: checking whether the g++ linker (/usr/bin/ld) supports shared libraries
configure:13330: result: yes
configure:13366: g++ -c -g -O2  conftest.cpp >&5
configure:13369: $? = 0
configure:13889: checking for g++ option to produce PIC
configure:13896: result: -fPIC -DPIC
configure:13904: checking if g++ PIC flag -fPIC -DPIC works
configure:13922: g++ -c -g -O2  -fPIC -DPIC -DPIC conftest.cpp >&5
configure:13926: $? = 0
configure:13939: result: yes
configure:13962: checking if g++ static flag -static works
configure:13990: result: yes
configure:14002: checking if g++ supports -c -o file.o
configure:14023: g++ -c -g -O2  -o out/conftest2.o conftest.cpp >&5
configure:14027: $? = 0
configure:14049: result: yes
configure:14054: checking if g++ supports -c -o file.o
configure:14101: result: yes
configure:14131: checking whether the g++ linker (/usr/bin/ld) supports shared libraries
configure:14167: result: yes
configure:14308: checking dynamic linker characteristics
configure:14975: result: GNU/Linux ld.so
configure:15028: checking how to hardcode library paths into programs
configure:15053: result: immediate
configure:15115: checking for u_int32_t
configure:15115: gcc -c -g -O2  conftest.c >&5
configure:15115: $? = 0
configure:15115: gcc -c -g -O2  conftest.c >&5
conftest.c: In function 'main':
conftest.c:57:24: error: expected expression before ')' token
configure:15115: $? = 1
configure: failed program was:
| /* confdefs.h */
| #define PACKAGE_NAME "libcrafter"
| #define PACKAGE_TARNAME "crafter"
| #define PACKAGE_VERSION "0.3"
| #define PACKAGE_STRING "libcrafter 0.3"
| #define PACKAGE_BUGREPORT "pellegre.esteban@gmail.com"
| #define PACKAGE_URL "http://code.google.com/p/libcrafter/"
| #define STDC_HEADERS 1
| #define HAVE_SYS_TYPES_H 1
| #define HAVE_SYS_STAT_H 1
| #define HAVE_STDLIB_H 1
| #define HAVE_STRING_H 1
| #define HAVE_MEMORY_H 1
| #define HAVE_STRINGS_H 1
| #define HAVE_INTTYPES_H 1
| #define HAVE_STDINT_H 1
| #define HAVE_UNISTD_H 1
| #define HAVE_DLFCN_H 1
| #define LT_OBJDIR ".libs/"
| /* end confdefs.h.  */
| #include <stdio.h>
| #ifdef HAVE_SYS_TYPES_H
| # include <sys/types.h>
| #endif
| #ifdef HAVE_SYS_STAT_H
| # include <sys/stat.h>
| #endif
| #ifdef STDC_HEADERS
| # include <stdlib.h>
| # include <stddef.h>
| #else
| # ifdef HAVE_STDLIB_H
| #  include <stdlib.h>
| # endif
| #endif
| #ifdef HAVE_STRING_H
| # if !defined STDC_HEADERS && defined HAVE_MEMORY_H
| #  include <memory.h>
| # endif
| # include <string.h>
| #endif
| #ifdef HAVE_STRINGS_H
| # include <strings.h>
| #endif
| #ifdef HAVE_INTTYPES_H
| # include <inttypes.h>
| #endif
| #ifdef HAVE_STDINT_H
| # include <stdint.h>
| #endif
| #ifdef HAVE_UNISTD_H
| # include <unistd.h>
| #endif
| int
| main ()
| {
| if (sizeof ((u_int32_t)))
| 	    return 0;
|   ;
|   return 0;
| }
configure:15115: result: yes
configure:15126: checking for u_int64_t
configure:15126: gcc -c -g -O2  conftest.c >&5
configure:15126: $? = 0
configure:15126: gcc -c -g -O2  conftest.c >&5
conftest.c: In function 'main':
conftest.c:57:24: error: expected expression before ')' token
configure:15126: $? = 1
configure: failed program was:
| /* confdefs.h */
| #define PACKAGE_NAME "libcrafter"
| #define PACKAGE_TARNAME "crafter"
| #define PACKAGE_VERSION "0.3"
| #define PACKAGE_STRING "libcrafter 0.3"
| #define PACKAGE_BUGREPORT "pellegre.esteban@gmail.com"
| #define PACKAGE_URL "http://code.google.com/p/libcrafter/"
| #define STDC_HEADERS 1
| #define HAVE_SYS_TYPES_H 1
| #define HAVE_SYS_STAT_H 1
| #define HAVE_STDLIB_H 1
| #define HAVE_STRING_H 1
| #define HAVE_MEMORY_H 1
| #define HAVE_STRINGS_H 1
| #define HAVE_INTTYPES_H 1
| #define HAVE_STDINT_H 1
| #define HAVE_UNISTD_H 1
| #define HAVE_DLFCN_H 1
| #define LT_OBJDIR ".libs/"
| /* end confdefs.h.  */
| #include <stdio.h>
| #ifdef HAVE_SYS_TYPES_H
| # include <sys/types.h>
| #endif
| #ifdef HAVE_SYS_STAT_H
| # include <sys/stat.h>
| #endif
| #ifdef STDC_HEADERS
| # include <stdlib.h>
| # include <stddef.h>
| #else
| # ifdef HAVE_STDLIB_H
| #  include <stdlib.h>
| # endif
| #endif
| #ifdef HAVE_STRING_H
| # if !defined STDC_HEADERS && defined HAVE_MEMORY_H
| #  include <memory.h>
| # endif
| # include <string.h>
| #endif
| #ifdef HAVE_STRINGS_H
| # include <strings.h>
| #endif
| #ifdef HAVE_INTTYPES_H
| # include <inttypes.h>
| #endif
| #ifdef HAVE_STDINT_H
| # include <stdint.h>
| #endif
| #ifdef HAVE_UNISTD_H
| # include <unistd.h>
| #endif
| int
| main ()
| {
| if (sizeof ((u_int64_t)))
| 	    return 0;
|   ;
|   return 0;
| }
configure:15126: result: yes
configure:15137: checking for u_int16_t
configure:15137: gcc -c -g -O2  conftest.c >&5
configure:15137: $? = 0
configure:15137: gcc -c -g -O2  conftest.c >&5
conftest.c: In function 'main':
conftest.c:57:24: error: expected expression before ')' token
configure:15137: $? = 1
configure: failed program was:
| /* confdefs.h */
| #define PACKAGE_NAME "libcrafter"
| #define PACKAGE_TARNAME "crafter"
| #define PACKAGE_VERSION "0.3"
| #define PACKAGE_STRING "libcrafter 0.3"
| #define PACKAGE_BUGREPORT "pellegre.esteban@gmail.com"
| #define PACKAGE_URL "http://code.google.com/p/libcrafter/"
| #define STDC_HEADERS 1
| #define HAVE_SYS_TYPES_H 1
| #define HAVE_SYS_STAT_H 1
| #define HAVE_STDLIB_H 1
| #define HAVE_STRING_H 1
| #define HAVE_MEMORY_H 1
| #define HAVE_STRINGS_H 1
| #define HAVE_INTTYPES_H 1
| #define HAVE_STDINT_H 1
| #define HAVE_UNISTD_H 1
| #define HAVE_DLFCN_H 1
| #define LT_OBJDIR ".libs/"
| /* end confdefs.h.  */
| #include <stdio.h>
| #ifdef HAVE_SYS_TYPES_H
| # include <sys/types.h>
| #endif
| #ifdef HAVE_SYS_STAT_H
| # include <sys/stat.h>
| #endif
| #ifdef STDC_HEADERS
| # include <stdlib.h>
| # include <stddef.h>
| #else
| # ifdef HAVE_STDLIB_H
| #  include <stdlib.h>
| # endif
| #endif
| #ifdef HAVE_STRING_H
| # if !defined STDC_HEADERS && defined HAVE_MEMORY_H
| #  include <memory.h>
| # endif
| # include <string.h>
| #endif
| #ifdef HAVE_STRINGS_H
| # include <strings.h>
| #endif
| #ifdef HAVE_INTTYPES_H
| # include <inttypes.h>
| #endif
| #ifdef HAVE_STDINT_H
| # include <stdint.h>
| #endif
| #ifdef HAVE_UNISTD_H
| # include <unistd.h>
| #endif
| int
| main ()
| {
| if (sizeof ((u_int16_t)))
| 	    return 0;
|   ;
|   return 0;
| }
configure:15137: result: yes
configure:15148: checking for u_int8_t
configure:15148: gcc -c -g -O2  conftest.c >&5
configure:15148: $? = 0
configure:15148: gcc -c -g -O2  conftest.c >&5
conftest.c: In function 'main':
conftest.c:57:23: error: expected expression before ')' token
configure:15148: $? = 1
configure: failed program was:
| /* confdefs.h */
| #define PACKAGE_NAME "libcrafter"
| #define PACKAGE_TARNAME "crafter"
| #define PACKAGE_VERSION "0.3"
| #define PACKAGE_STRING "libcrafter 0.3"
| #define PACKAGE_BUGREPORT "pellegre.esteban@gmail.com"
| #define PACKAGE_URL "http://code.google.com/p/libcrafter/"
| #define STDC_HEADERS 1
| #define HAVE_SYS_TYPES_H 1
| #define HAVE_SYS_STAT_H 1
| #define HAVE_STDLIB_H 1
| #define HAVE_STRING_H 1
| #define HAVE_MEMORY_H 1
| #define HAVE_STRINGS_H 1
| #define HAVE_INTTYPES_H 1
| #define HAVE_STDINT_H 1
| #define HAVE_UNISTD_H 1
| #define HAVE_DLFCN_H 1
| #define LT_OBJDIR ".libs/"
| /* end confdefs.h.  */
| #include <stdio.h>
| #ifdef HAVE_SYS_TYPES_H
| # include <sys/types.h>
| #endif
| #ifdef HAVE_SYS_STAT_H
| # include <sys/stat.h>
| #endif
| #ifdef STDC_HEADERS
| # include <stdlib.h>
| # include <stddef.h>
| #else
| # ifdef HAVE_STDLIB_H
| #  include <stdlib.h>
| # endif
| #endif
| #ifdef HAVE_STRING_H
| # if !defined STDC_HEADERS && defined HAVE_MEMORY_H
| #  include <memory.h>
| # endif
| # include <string.h>
| #endif
| #ifdef HAVE_STRINGS_H
| # include <strings.h>
| #endif
| #ifdef HAVE_INTTYPES_H
| # include <inttypes.h>
| #endif
| #ifdef HAVE_STDINT_H
| # include <stdint.h>
| #endif
| #ifdef HAVE_UNISTD_H
| # include <unistd.h>
| #endif
| int
| main ()
| {
| if (sizeof ((u_int8_t)))
| 	    return 0;
|   ;
|   return 0;
| }
configure:15148: result: yes
configure:15159: checking for size_t
configure:15159: gcc -c -g -O2  conftest.c >&5
configure:15159: $? = 0
configure:15159: gcc -c -g -O2  conftest.c >&5
conftest.c: In function 'main':
conftest.c:57:21: error: expected expression before ')' token
configure:15159: $? = 1
configure: failed program was:
| /* confdefs.h */
| #define PACKAGE_NAME "libcrafter"
| #define PACKAGE_TARNAME "crafter"
| #define PACKAGE_VERSION "0.3"
| #define PACKAGE_STRING "libcrafter 0.3"
| #define PACKAGE_BUGREPORT "pellegre.esteban@gmail.com"
| #define PACKAGE_URL "http://code.google.com/p/libcrafter/"
| #define STDC_HEADERS 1
| #define HAVE_SYS_TYPES_H 1
| #define HAVE_SYS_STAT_H 1
| #define HAVE_STDLIB_H 1
| #define HAVE_STRING_H 1
| #define HAVE_MEMORY_H 1
| #define HAVE_STRINGS_H 1
| #define HAVE_INTTYPES_H 1
| #define HAVE_STDINT_H 1
| #define HAVE_UNISTD_H 1
| #define HAVE_DLFCN_H 1
| #define LT_OBJDIR ".libs/"
| /* end confdefs.h.  */
| #include <stdio.h>
| #ifdef HAVE_SYS_TYPES_H
| # include <sys/types.h>
| #endif
| #ifdef HAVE_SYS_STAT_H
| # include <sys/stat.h>
| #endif
| #ifdef STDC_HEADERS
| # include <stdlib.h>
| # include <stddef.h>
| #else
| # ifdef HAVE_STDLIB_H
| #  include <stdlib.h>
| # endif
| #endif
| #ifdef HAVE_STRING_H
| # if !defined STDC_HEADERS && defined HAVE_MEMORY_H
| #  include <memory.h>
| # endif
| # include <string.h>
| #endif
| #ifdef HAVE_STRINGS_H
| # include <strings.h>
| #endif
| #ifdef HAVE_INTTYPES_H
| # include <inttypes.h>
| #endif
| #ifdef HAVE_STDINT_H
| # include <stdint.h>
| #endif
| #ifdef HAVE_UNISTD_H
| # include <unistd.h>
| #endif
| int
| main ()
| {
| if (sizeof ((size_t)))
| 	    return 0;
|   ;
|   return 0;
| }
configure:15159: result: yes
configure:15167: checking for libpcap
configure:15211: result: yes
configure:15219: checking for pthread_create in -lpthread
configure:15244: gcc -o conftest -g -O2   conftest.c -lpthread   >&5
configure:15244: $? = 0
configure:15253: result: yes
configure:15264: checking for clock_gettime in -lrt
configure:15289: gcc -o conftest -g -O2   conftest.c -lrt  -lpthread  >&5
configure:15289: $? = 0
configure:15298: result: yes
configure:15404: checking for ns_put16 in -lresolv
configure:15429: gcc -o conftest -g -O2   conftest.c -lresolv  -lrt -lpthread  >&5
configure:15429: $? = 0
configure:15438: result: yes
configure:15449: checking for ns_name_compress in -lresolv
configure:15474: gcc -o conftest -g -O2   conftest.c -lresolv  -lresolv -lrt -lpthread  >&5
configure:15474: $? = 0
configure:15483: result: yes
configure:15619: checking that generated files are newer than configure
configure:15625: result: done
configure:15652: creating ./config.status

## ---------------------- ##
## Running config.status. ##
## ---------------------- ##

This file was extended by libcrafter config.status 0.3, which was
generated by GNU Autoconf 2.69.  Invocation command line was

  CONFIG_FILES    = 
  CONFIG_HEADERS  = 
  CONFIG_LINKS    = 
  CONFIG_COMMANDS = 
  $ ./config.status 

on TomVMDeb

config.status:1152: creating Makefile
config.status:1152: creating crafter.pc
config.status:1152: creating config.h
config.status:1152: creating crafterconfig.h
config.status:1381: executing depfiles commands
config.status:1381: executing libtool commands

## ---------------- ##
## Cache variables. ##
## ---------------- ##

ac_cv_build=i686-pc-linux-gnu
ac_cv_c_compiler_gnu=yes
ac_cv_cxx_compiler_gnu=yes
ac_cv_env_CCC_set=
ac_cv_env_CCC_value=
ac_cv_env_CC_set=
ac_cv_env_CC_value=
ac_cv_env_CFLAGS_set=
ac_cv_env_CFLAGS_value=
ac_cv_env_CPPFLAGS_set=
ac_cv_env_CPPFLAGS_value=
ac_cv_env_CPP_set=
ac_cv_env_CPP_value=
ac_cv_env_CXXCPP_set=
ac_cv_env_CXXCPP_value=
ac_cv_env_CXXFLAGS_set=
ac_cv_env_CXXFLAGS_value=
ac_cv_env_CXX_set=
ac_cv_env_CXX_value=
ac_cv_env_LDFLAGS_set=
ac_cv_env_LDFLAGS_value=
ac_cv_env_LIBS_set=
ac_cv_env_LIBS_value=
ac_cv_env_build_alias_set=
ac_cv_env_build_alias_value=
ac_cv_env_host_alias_set=
ac_cv_env_host_alias_value=
ac_cv_env_target_alias_set=
ac_cv_env_target_alias_value=
ac_cv_header_dlfcn_h=yes
ac_cv_header_inttypes_h=yes
ac_cv_header_memory_h=yes
ac_cv_header_stdc=yes
ac_cv_header_stdint_h=yes
ac_cv_header_stdlib_h=yes
ac_cv_header_string_h=yes
ac_cv_header_strings_h=yes
ac_cv_header_sys_stat_h=yes
ac_cv_header_sys_types_h=yes
ac_cv_header_unistd_h=yes
ac_cv_host=i686-pc-linux-gnu
ac_cv_lib_pthread_pthread_create=yes
ac_cv_lib_resolv_ns_name_compress=yes
ac_cv_lib_resolv_ns_put16=yes
ac_cv_lib_rt_clock_gettime=yes
ac_cv_objext=o
ac_cv_path_EGREP='/bin/grep -E'
ac_cv_path_FGREP='/bin/grep -F'
ac_cv_path_GREP=/bin/grep
ac_cv_path_SED=/bin/sed
ac_cv_path_install='/usr/bin/install -c'
ac_cv_path_mkdir=/bin/mkdir
ac_cv_prog_AWK=mawk
ac_cv_prog_CPP='gcc -E'
ac_cv_prog_CXXCPP='g++ -E'
ac_cv_prog_ac_ct_AR=ar
ac_cv_prog_ac_ct_CC=gcc
ac_cv_prog_ac_ct_CXX=g++
ac_cv_prog_ac_ct_MANIFEST_TOOL=mt
ac_cv_prog_ac_ct_OBJDUMP=objdump
ac_cv_prog_ac_ct_RANLIB=ranlib
ac_cv_prog_ac_ct_STRIP=strip
ac_cv_prog_cc_c89=
ac_cv_prog_cc_g=yes
ac_cv_prog_cxx_g=yes
ac_cv_prog_make_make_set=yes
ac_cv_type_size_t=yes
ac_cv_type_u_int16_t=yes
ac_cv_type_u_int32_t=yes
ac_cv_type_u_int64_t=yes
ac_cv_type_u_int8_t=yes
am_cv_CC_dependencies_compiler_type=gcc3
am_cv_CXX_dependencies_compiler_type=gcc3
am_cv_make_support_nested_variables=yes
am_cv_prog_cc_c_o=yes
lt_cv_ar_at_file=@
lt_cv_archive_cmds_need_lc=no
lt_cv_deplibs_check_method=pass_all
lt_cv_file_magic_cmd='$MAGIC_CMD'
lt_cv_file_magic_test_file=
lt_cv_ld_reload_flag=-r
lt_cv_nm_interface='BSD nm'
lt_cv_objdir=.libs
lt_cv_path_LD=/usr/bin/ld
lt_cv_path_LDCXX=/usr/bin/ld
lt_cv_path_NM='/usr/bin/nm -B'
lt_cv_path_mainfest_tool=no
lt_cv_prog_compiler_c_o=yes
lt_cv_prog_compiler_c_o_CXX=yes
lt_cv_prog_compiler_pic='-fPIC -DPIC'
lt_cv_prog_compiler_pic_CXX='-fPIC -DPIC'
lt_cv_prog_compiler_pic_works=yes
lt_cv_prog_compiler_pic_works_CXX=yes
lt_cv_prog_compiler_rtti_exceptions=no
lt_cv_prog_compiler_static_works=yes
lt_cv_prog_compiler_static_works_CXX=yes
lt_cv_prog_gnu_ld=yes
lt_cv_prog_gnu_ldcxx=yes
lt_cv_sharedlib_from_linklib_cmd='printf %s\n'
lt_cv_shlibpath_overrides_runpath=no
lt_cv_sys_global_symbol_pipe='sed -n -e '\''s/^.*[	 ]\([ABCDGIRSTW][ABCDGIRSTW]*\)[	 ][	 ]*\([_A-Za-z][_A-Za-z0-9]*\)$/\1 \2 \2/p'\'' | sed '\''/ __gnu_lto/d'\'''
lt_cv_sys_global_symbol_to_c_name_address='sed -n -e '\''s/^: \([^ ]*\)[ ]*$/  {\"\1\", (void *) 0},/p'\'' -e '\''s/^[ABCDGIRSTW]* \([^ ]*\) \([^ ]*\)$/  {"\2", (void *) \&\2},/p'\'''
lt_cv_sys_global_symbol_to_c_name_address_lib_prefix='sed -n -e '\''s/^: \([^ ]*\)[ ]*$/  {\"\1\", (void *) 0},/p'\'' -e '\''s/^[ABCDGIRSTW]* \([^ ]*\) \(lib[^ ]*\)$/  {"\2", (void *) \&\2},/p'\'' -e '\''s/^[ABCDGIRSTW]* \([^ ]*\) \([^ ]*\)$/  {"lib\2", (void *) \&\2},/p'\'''
lt_cv_sys_global_symbol_to_cdecl='sed -n -e '\''s/^T .* \(.*\)$/extern int \1();/p'\'' -e '\''s/^[ABCDGIRSTW]* .* \(.*\)$/extern char \1;/p'\'''
lt_cv_sys_max_cmd_len=1572864
lt_cv_to_host_file_cmd=func_convert_file_noop
lt_cv_to_tool_file_cmd=func_convert_file_noop

## ----------------- ##
## Output variables. ##
## ----------------- ##

ACLOCAL='${SHELL} /home/tom/crafter-0.3/missing aclocal-1.14'
AMDEPBACKSLASH='\'
AMDEP_FALSE='#'
AMDEP_TRUE=''
AMTAR='$${TAR-tar}'
AM_BACKSLASH='\'
AM_DEFAULT_V='$(AM_DEFAULT_VERBOSITY)'
AM_DEFAULT_VERBOSITY='1'
AM_V='$(V)'
AR='ar'
AUTOCONF='${SHELL} /home/tom/crafter-0.3/missing autoconf'
AUTOHEADER='${SHELL} /home/tom/crafter-0.3/missing autoheader'
AUTOMAKE='${SHELL} /home/tom/crafter-0.3/missing automake-1.14'
AWK='mawk'
CC='gcc'
CCDEPMODE='depmode=gcc3'
CFLAGS='-g -O2'
CPP='gcc -E'
CPPFLAGS=''
CRAFTER_API_VERSION='0.2'
CRAFTER_SO_VERSION='0:2:0'
CXX='g++'
CXXCPP='g++ -E'
CXXDEPMODE='depmode=gcc3'
CXXFLAGS='-g -O2'
CYGPATH_W='echo'
DEFS='-DHAVE_CONFIG_H'
DEPDIR='.deps'
DLLTOOL='false'
DSYMUTIL=''
DUMPBIN=''
ECHO_C=''
ECHO_N='-n'
ECHO_T=''
EGREP='/bin/grep -E'
EXEEXT=''
FGREP='/bin/grep -F'
GREP='/bin/grep'
INSTALL_DATA='${INSTALL} -m 644'
INSTALL_PROGRAM='${INSTALL}'
INSTALL_SCRIPT='${INSTALL}'
INSTALL_STRIP_PROGRAM='$(install_sh) -c -s'
LD='/usr/bin/ld'
LDFLAGS=''
LIBOBJS=''
LIBS='-lresolv -lresolv -lrt -lpthread '
LIBTOOL='$(SHELL) $(top_builddir)/libtool'
LIPO=''
LN_S='ln -s'
LTLIBOBJS=''
MAKEINFO='${SHELL} /home/tom/crafter-0.3/missing makeinfo'
MANIFEST_TOOL=':'
MKDIR_P='/bin/mkdir -p'
NM='/usr/bin/nm -B'
NMEDIT=''
OBJDUMP='objdump'
OBJEXT='o'
OTOOL64=''
OTOOL=''
PACKAGE='crafter'
PACKAGE_BUGREPORT='pellegre.esteban@gmail.com'
PACKAGE_NAME='libcrafter'
PACKAGE_STRING='libcrafter 0.3'
PACKAGE_TARNAME='crafter'
PACKAGE_URL='http://code.google.com/p/libcrafter/'
PACKAGE_VERSION='0.3'
PATH_SEPARATOR=':'
PCAPINC='-I/usr/include/pcap'
PCAPLIB='-lpcap'
RANLIB='ranlib'
SED='/bin/sed'
SET_MAKE=''
SHELL='/bin/bash'
STRIP='strip'
VERSION='0.3'
ac_ct_AR='ar'
ac_ct_CC='gcc'
ac_ct_CXX='g++'
ac_ct_DUMPBIN=''
am__EXEEXT_FALSE=''
am__EXEEXT_TRUE='#'
am__fastdepCC_FALSE='#'
am__fastdepCC_TRUE=''
am__fastdepCXX_FALSE='#'
am__fastdepCXX_TRUE=''
am__include='include'
am__isrc=''
am__leading_dot='.'
am__nodep='_no'
am__quote=''
am__tar='$${TAR-tar} chof - "$$tardir"'
am__untar='$${TAR-tar} xf -'
bindir='${exec_prefix}/bin'
build='i686-pc-linux-gnu'
build_alias=''
build_cpu='i686'
build_os='linux-gnu'
build_vendor='pc'
datadir='${datarootdir}'
datarootdir='${prefix}/share'
docdir='${datarootdir}/doc/${PACKAGE_TARNAME}'
dvidir='${docdir}'
exec_prefix='${prefix}'
host='i686-pc-linux-gnu'
host_alias=''
host_cpu='i686'
host_os='linux-gnu'
host_vendor='pc'
htmldir='${docdir}'
includedir='${prefix}/include'
infodir='${datarootdir}/info'
install_sh='${SHELL} /home/tom/crafter-0.3/install-sh'
libdir='${exec_prefix}/lib'
libexecdir='${exec_prefix}/libexec'
localedir='${datarootdir}/locale'
localstatedir='${prefix}/var'
mandir='${datarootdir}/man'
mkdir_p='$(MKDIR_P)'
oldincludedir='/usr/include'
pdfdir='${docdir}'
prefix='/usr/local'
program_transform_name='s,x,x,'
psdir='${docdir}'
sbindir='${exec_prefix}/sbin'
sharedstatedir='${prefix}/com'
sysconfdir='${prefix}/etc'
target_alias=''

## ----------- ##
## confdefs.h. ##
## ----------- ##

/* confdefs.h */
#define PACKAGE_NAME "libcrafter"
#define PACKAGE_TARNAME "crafter"
#define PACKAGE_VERSION "0.3"
#define PACKAGE_STRING "libcrafter 0.3"
#define PACKAGE_BUGREPORT "pellegre.esteban@gmail.com"
#define PACKAGE_URL "http://code.google.com/p/libcrafter/"
#define STDC_HEADERS 1
#define HAVE_SYS_TYPES_H 1
#define HAVE_SYS_STAT_H 1
#define HAVE_STDLIB_H 1
#define HAVE_STRING_H 1
#define HAVE_MEMORY_H 1
#define HAVE_STRINGS_H 1
#define HAVE_INTTYPES_H 1
#define HAVE_STDINT_H 1
#define HAVE_UNISTD_H 1
#define HAVE_DLFCN_H 1
#define LT_OBJDIR ".libs/"
#define HAVE_LIBPTHREAD 1
#define HAVE_LIBRT 1
#define HAVE_LIBRESOLV 1
#define HAVE_LIBRESOLV 1

configure: exit 0
